<?xml version="1.0" encoding="UTF-8"?>
<testng-results ignored="0" total="3" passed="3" failed="0" skipped="0">
  <reporter-output>
  </reporter-output>
  <suite started-at="2025-07-18T14:06:15 BST" name="Default suite" finished-at="2025-07-18T14:06:38 BST" duration-ms="22645">
    <groups>
      <group name="cucumber">
        <method signature="AbstractTestNGCucumberTests.runScenario(io.cucumber.testng.PickleWrapper,io.cucumber.testng.FeatureWrapper)[pri:0, instance:Step_Runner.StepRunner_HRM@77f80c04]" name="runScenario" class="io.cucumber.testng.AbstractTestNGCucumberTests"/>
      </group> <!-- cucumber -->
    </groups>
    <test started-at="2025-07-18T14:06:15 BST" name="Default test" finished-at="2025-07-18T14:06:38 BST" duration-ms="22645">
      <class name="Step_Runner.StepRunner_HRM">
        <test-method is-config="true" signature="setUpClass(org.testng.ITestContext)[pri:0, instance:Step_Runner.StepRunner_HRM@77f80c04]" started-at="2025-07-18T14:06:15 BST" name="setUpClass" finished-at="2025-07-18T14:06:16 BST" duration-ms="1269" status="PASS">
          <params>
            <param index="0">
              <value>
                <![CDATA[org.testng.TestRunner@2519026b]]>
              </value>
            </param>
          </params>
          <reporter-output>
          </reporter-output>
        </test-method> <!-- setUpClass -->
        <test-method signature="runScenario(io.cucumber.testng.PickleWrapper,io.cucumber.testng.FeatureWrapper)[pri:0, instance:Step_Runner.StepRunner_HRM@77f80c04]" started-at="2025-07-18T14:06:16 BST" name="runScenario" description="Runs Cucumber Scenarios" data-provider="scenarios" finished-at="2025-07-18T14:06:24 BST" duration-ms="8117" status="PASS">
          <params>
            <param index="0">
              <value>
                <![CDATA["Login functionality with different credentials"]]>
              </value>
            </param>
            <param index="1">
              <value>
                <![CDATA["Test Login fucntionality for Orange Hrm"]]>
              </value>
            </param>
          </params>
          <reporter-output>
          </reporter-output>
        </test-method> <!-- runScenario -->
        <test-method signature="runScenario(io.cucumber.testng.PickleWrapper,io.cucumber.testng.FeatureWrapper)[pri:0, instance:Step_Runner.StepRunner_HRM@77f80c04]" started-at="2025-07-18T14:06:24 BST" name="runScenario" description="Runs Cucumber Scenarios" data-provider="scenarios" finished-at="2025-07-18T14:06:31 BST" duration-ms="6752" status="PASS">
          <params>
            <param index="0">
              <value>
                <![CDATA["Login functionality with different credentials"]]>
              </value>
            </param>
            <param index="1">
              <value>
                <![CDATA["Test Login fucntionality for Orange Hrm"]]>
              </value>
            </param>
          </params>
          <reporter-output>
          </reporter-output>
        </test-method> <!-- runScenario -->
        <test-method signature="runScenario(io.cucumber.testng.PickleWrapper,io.cucumber.testng.FeatureWrapper)[pri:0, instance:Step_Runner.StepRunner_HRM@77f80c04]" started-at="2025-07-18T14:06:31 BST" name="runScenario" description="Runs Cucumber Scenarios" data-provider="scenarios" finished-at="2025-07-18T14:06:37 BST" duration-ms="5858" status="PASS">
          <params>
            <param index="0">
              <value>
                <![CDATA["Login functionality with different credentials"]]>
              </value>
            </param>
            <param index="1">
              <value>
                <![CDATA["Test Login fucntionality for Orange Hrm"]]>
              </value>
            </param>
          </params>
          <reporter-output>
          </reporter-output>
        </test-method> <!-- runScenario -->
        <test-method is-config="true" signature="tearDownClass()[pri:0, instance:Step_Runner.StepRunner_HRM@77f80c04]" started-at="2025-07-18T14:06:37 BST" name="tearDownClass" finished-at="2025-07-18T14:06:38 BST" duration-ms="579" status="PASS">
          <reporter-output>
          </reporter-output>
        </test-method> <!-- tearDownClass -->
      </class> <!-- Step_Runner.StepRunner_HRM -->
    </test> <!-- Default test -->
  </suite> <!-- Default suite -->
</testng-results>
