<?xml version="1.0" encoding="UTF-8"?>
<testng-results ignored="0" total="3" passed="3" failed="0" skipped="0">
  <reporter-output>
  </reporter-output>
  <suite started-at="2025-07-18T11:27:18 BST" name="Suite" finished-at="2025-07-18T11:27:42 BST" duration-ms="24620">
    <groups>
      <group name="cucumber">
        <method signature="AbstractTestNGCucumberTests.runScenario(io.cucumber.testng.PickleWrapper,io.cucumber.testng.FeatureWrapper)[pri:0, instance:Step_Runner.StepRunner_HRM@757277dc]" name="runScenario" class="io.cucumber.testng.AbstractTestNGCucumberTests"/>
      </group> <!-- cucumber -->
    </groups>
    <test started-at="2025-07-18T11:27:18 BST" name="Test" finished-at="2025-07-18T11:27:42 BST" duration-ms="24620">
      <class name="Step_Runner.StepRunner_HRM">
        <test-method is-config="true" signature="setUpClass(org.testng.ITestContext)[pri:0, instance:Step_Runner.StepRunner_HRM@757277dc]" started-at="2025-07-18T11:27:18 BST" name="setUpClass" finished-at="2025-07-18T11:27:19 BST" duration-ms="1165" status="PASS">
          <params>
            <param index="0">
              <value>
                <![CDATA[org.testng.TestRunner@5b3a7ef5]]>
              </value>
            </param>
          </params>
          <reporter-output>
          </reporter-output>
        </test-method> <!-- setUpClass -->
        <test-method signature="runScenario(io.cucumber.testng.PickleWrapper,io.cucumber.testng.FeatureWrapper)[pri:0, instance:Step_Runner.StepRunner_HRM@757277dc]" started-at="2025-07-18T11:27:19 BST" name="runScenario" description="Runs Cucumber Scenarios" data-provider="scenarios" finished-at="2025-07-18T11:27:29 BST" duration-ms="10565" status="PASS">
          <params>
            <param index="0">
              <value>
                <![CDATA["Login functionality with different credentials"]]>
              </value>
            </param>
            <param index="1">
              <value>
                <![CDATA["Test Login fucntionality for Orange Hrm"]]>
              </value>
            </param>
          </params>
          <reporter-output>
          </reporter-output>
        </test-method> <!-- runScenario -->
        <test-method signature="runScenario(io.cucumber.testng.PickleWrapper,io.cucumber.testng.FeatureWrapper)[pri:0, instance:Step_Runner.StepRunner_HRM@757277dc]" started-at="2025-07-18T11:27:29 BST" name="runScenario" description="Runs Cucumber Scenarios" data-provider="scenarios" finished-at="2025-07-18T11:27:36 BST" duration-ms="6796" status="PASS">
          <params>
            <param index="0">
              <value>
                <![CDATA["Login functionality with different credentials"]]>
              </value>
            </param>
            <param index="1">
              <value>
                <![CDATA["Test Login fucntionality for Orange Hrm"]]>
              </value>
            </param>
          </params>
          <reporter-output>
          </reporter-output>
        </test-method> <!-- runScenario -->
        <test-method signature="runScenario(io.cucumber.testng.PickleWrapper,io.cucumber.testng.FeatureWrapper)[pri:0, instance:Step_Runner.StepRunner_HRM@757277dc]" started-at="2025-07-18T11:27:36 BST" name="runScenario" description="Runs Cucumber Scenarios" data-provider="scenarios" finished-at="2025-07-18T11:27:42 BST" duration-ms="5980" status="PASS">
          <params>
            <param index="0">
              <value>
                <![CDATA["Login functionality with different credentials"]]>
              </value>
            </param>
            <param index="1">
              <value>
                <![CDATA["Test Login fucntionality for Orange Hrm"]]>
              </value>
            </param>
          </params>
          <reporter-output>
          </reporter-output>
        </test-method> <!-- runScenario -->
        <test-method is-config="true" signature="tearDownClass()[pri:0, instance:Step_Runner.StepRunner_HRM@757277dc]" started-at="2025-07-18T11:27:42 BST" name="tearDownClass" finished-at="2025-07-18T11:27:42 BST" duration-ms="37" status="PASS">
          <reporter-output>
          </reporter-output>
        </test-method> <!-- tearDownClass -->
      </class> <!-- Step_Runner.StepRunner_HRM -->
    </test> <!-- Test -->
  </suite> <!-- Suite -->
</testng-results>
